{"/Users/anastasiakashkinova/src/mobile-dev-module/SomaFlow/utils.ts": {"path":"/Users/anastasiakashkinova/src/mobile-dev-module/SomaFlow/utils.ts","statementMap":{"0":{"start":{"line":1,"column":37},"end":{"line":19,"column":1}},"1":{"start":{"line":2,"column":16},"end":{"line":2,"column":26}},"2":{"start":{"line":3,"column":20},"end":{"line":3,"column":34}},"3":{"start":{"line":6,"column":22},"end":{"line":6,"column":37}},"4":{"start":{"line":7,"column":2},"end":{"line":7,"column":51}},"5":{"start":{"line":8,"column":2},"end":{"line":8,"column":35}},"6":{"start":{"line":11,"column":20},"end":{"line":11,"column":41}},"7":{"start":{"line":12,"column":2},"end":{"line":12,"column":47}},"8":{"start":{"line":13,"column":2},"end":{"line":13,"column":38}},"9":{"start":{"line":15,"column":2},"end":{"line":18,"column":12}},"10":{"start":{"line":16,"column":24},"end":{"line":16,"column":46}},"11":{"start":{"line":17,"column":4},"end":{"line":17,"column":65}}},"fnMap":{"0":{"name":"(anonymous_0)","decl":{"start":{"line":1,"column":37},"end":{"line":1,"column":38}},"loc":{"start":{"line":1,"column":78},"end":{"line":19,"column":1}},"line":1},"1":{"name":"(anonymous_1)","decl":{"start":{"line":15,"column":24},"end":{"line":15,"column":25}},"loc":{"start":{"line":15,"column":37},"end":{"line":18,"column":3}},"line":15}},"branchMap":{"0":{"loc":{"start":{"line":17,"column":11},"end":{"line":17,"column":64}},"type":"binary-expr","locations":[{"start":{"line":17,"column":11},"end":{"line":17,"column":37}},{"start":{"line":17,"column":41},"end":{"line":17,"column":64}}],"line":17}},"s":{"0":1,"1":2,"2":2,"3":2,"4":2,"5":2,"6":2,"7":2,"8":2,"9":2,"10":2,"11":2},"f":{"0":2,"1":2},"b":{"0":[2,0]},"_coverageSchema":"1a1c01bbd47fc00a2c39e90264f33305004495a9","hash":"c1a756881a924e21199033bc2fdcb5fc7fc20079"}
,"/Users/anastasiakashkinova/src/mobile-dev-module/SomaFlow/app/breathing.tsx": {"path":"/Users/anastasiakashkinova/src/mobile-dev-module/SomaFlow/app/breathing.tsx","statementMap":{"0":{"start":{"line":14,"column":45},"end":{"line":16,"column":1}},"1":{"start":{"line":18,"column":45},"end":{"line":22,"column":1}},"2":{"start":{"line":25,"column":17},"end":{"line":25,"column":28}},"3":{"start":{"line":26,"column":21},"end":{"line":26,"column":31}},"4":{"start":{"line":27,"column":20},"end":{"line":27,"column":44}},"5":{"start":{"line":28,"column":19},"end":{"line":28,"column":51}},"6":{"start":{"line":29,"column":19},"end":{"line":29,"column":56}},"7":{"start":{"line":32,"column":54},"end":{"line":32,"column":94}},"8":{"start":{"line":33,"column":48},"end":{"line":33,"column":59}},"9":{"start":{"line":34,"column":54},"end":{"line":34,"column":68}},"10":{"start":{"line":35,"column":46},"end":{"line":35,"column":60}},"11":{"start":{"line":36,"column":42},"end":{"line":36,"column":60}},"12":{"start":{"line":37,"column":36},"end":{"line":37,"column":51}},"13":{"start":{"line":38,"column":40},"end":{"line":38,"column":51}},"14":{"start":{"line":39,"column":50},"end":{"line":39,"column":65}},"15":{"start":{"line":42,"column":20},"end":{"line":57,"column":3}},"16":{"start":{"line":43,"column":4},"end":{"line":43,"column":32}},"17":{"start":{"line":43,"column":25},"end":{"line":43,"column":32}},"18":{"start":{"line":45,"column":22},"end":{"line":45,"column":89}},"19":{"start":{"line":47,"column":4},"end":{"line":47,"column":27}},"20":{"start":{"line":47,"column":20},"end":{"line":47,"column":27}},"21":{"start":{"line":49,"column":4},"end":{"line":52,"column":5}},"22":{"start":{"line":50,"column":6},"end":{"line":50,"column":43}},"23":{"start":{"line":51,"column":6},"end":{"line":51,"column":30}},"24":{"start":{"line":54,"column":22},"end":{"line":54,"column":62}},"25":{"start":{"line":55,"column":4},"end":{"line":55,"column":29}},"26":{"start":{"line":56,"column":4},"end":{"line":56,"column":28}},"27":{"start":{"line":59,"column":22},"end":{"line":67,"column":3}},"28":{"start":{"line":60,"column":4},"end":{"line":60,"column":29}},"29":{"start":{"line":62,"column":4},"end":{"line":66,"column":5}},"30":{"start":{"line":63,"column":6},"end":{"line":63,"column":41}},"31":{"start":{"line":64,"column":6},"end":{"line":64,"column":43}},"32":{"start":{"line":65,"column":6},"end":{"line":65,"column":30}},"33":{"start":{"line":70,"column":2},"end":{"line":83,"column":9}},"34":{"start":{"line":71,"column":25},"end":{"line":81,"column":5}},"35":{"start":{"line":72,"column":29},"end":{"line":72,"column":99}},"36":{"start":{"line":73,"column":28},"end":{"line":73,"column":73}},"37":{"start":{"line":74,"column":29},"end":{"line":74,"column":77}},"38":{"start":{"line":75,"column":25},"end":{"line":75,"column":69}},"39":{"start":{"line":77,"column":6},"end":{"line":77,"column":64}},"40":{"start":{"line":77,"column":26},"end":{"line":77,"column":64}},"41":{"start":{"line":78,"column":6},"end":{"line":78,"column":92}},"42":{"start":{"line":78,"column":25},"end":{"line":78,"column":92}},"43":{"start":{"line":79,"column":6},"end":{"line":79,"column":76}},"44":{"start":{"line":79,"column":26},"end":{"line":79,"column":76}},"45":{"start":{"line":80,"column":6},"end":{"line":80,"column":64}},"46":{"start":{"line":80,"column":22},"end":{"line":80,"column":64}},"47":{"start":{"line":82,"column":4},"end":{"line":82,"column":19}},"48":{"start":{"line":85,"column":26},"end":{"line":85,"column":79}},"49":{"start":{"line":88,"column":2},"end":{"line":167,"column":74}},"50":{"start":{"line":89,"column":4},"end":{"line":92,"column":5}},"51":{"start":{"line":90,"column":6},"end":{"line":90,"column":31}},"52":{"start":{"line":91,"column":6},"end":{"line":91,"column":13}},"53":{"start":{"line":94,"column":12},"end":{"line":94,"column":13}},"54":{"start":{"line":95,"column":29},"end":{"line":95,"column":49}},"55":{"start":{"line":96,"column":27},"end":{"line":96,"column":38}},"56":{"start":{"line":98,"column":20},"end":{"line":103,"column":41}},"57":{"start":{"line":103,"column":23},"end":{"line":103,"column":40}},"58":{"start":{"line":105,"column":22},"end":{"line":105,"column":26}},"59":{"start":{"line":108,"column":4},"end":{"line":116,"column":7}},"60":{"start":{"line":113,"column":6},"end":{"line":115,"column":7}},"61":{"start":{"line":114,"column":8},"end":{"line":114,"column":34}},"62":{"start":{"line":118,"column":30},"end":{"line":156,"column":5}},"63":{"start":{"line":121,"column":6},"end":{"line":155,"column":7}},"64":{"start":{"line":122,"column":8},"end":{"line":122,"column":31}},"65":{"start":{"line":122,"column":24},"end":{"line":122,"column":31}},"66":{"start":{"line":124,"column":52},"end":{"line":124,"column":62}},"67":{"start":{"line":126,"column":8},"end":{"line":126,"column":31}},"68":{"start":{"line":127,"column":8},"end":{"line":127,"column":70}},"69":{"start":{"line":129,"column":8},"end":{"line":135,"column":9}},"70":{"start":{"line":130,"column":10},"end":{"line":134,"column":11}},"71":{"start":{"line":131,"column":12},"end":{"line":131,"column":64}},"72":{"start":{"line":132,"column":17},"end":{"line":134,"column":11}},"73":{"start":{"line":133,"column":12},"end":{"line":133,"column":64}},"74":{"start":{"line":137,"column":8},"end":{"line":143,"column":9}},"75":{"start":{"line":138,"column":10},"end":{"line":142,"column":11}},"76":{"start":{"line":139,"column":12},"end":{"line":139,"column":54}},"77":{"start":{"line":140,"column":17},"end":{"line":142,"column":11}},"78":{"start":{"line":141,"column":12},"end":{"line":141,"column":68}},"79":{"start":{"line":145,"column":8},"end":{"line":145,"column":77}},"80":{"start":{"line":145,"column":39},"end":{"line":145,"column":75}},"81":{"start":{"line":147,"column":8},"end":{"line":147,"column":37}},"82":{"start":{"line":148,"column":8},"end":{"line":148,"column":41}},"83":{"start":{"line":149,"column":8},"end":{"line":149,"column":37}},"84":{"start":{"line":151,"column":8},"end":{"line":154,"column":9}},"85":{"start":{"line":152,"column":10},"end":{"line":152,"column":36}},"86":{"start":{"line":153,"column":10},"end":{"line":153,"column":17}},"87":{"start":{"line":159,"column":4},"end":{"line":159,"column":24}},"88":{"start":{"line":161,"column":4},"end":{"line":166,"column":6}},"89":{"start":{"line":162,"column":6},"end":{"line":162,"column":26}},"90":{"start":{"line":163,"column":6},"end":{"line":163,"column":33}},"91":{"start":{"line":164,"column":6},"end":{"line":164,"column":25}},"92":{"start":{"line":165,"column":6},"end":{"line":165,"column":31}},"93":{"start":{"line":169,"column":2},"end":{"line":195,"column":25}},"94":{"start":{"line":170,"column":4},"end":{"line":194,"column":5}},"95":{"start":{"line":171,"column":26},"end":{"line":191,"column":7}},"96":{"start":{"line":172,"column":22},"end":{"line":172,"column":32}},"97":{"start":{"line":174,"column":28},"end":{"line":174,"column":74}},"98":{"start":{"line":175,"column":22},"end":{"line":175,"column":64}},"99":{"start":{"line":178,"column":8},"end":{"line":181,"column":10}},"100":{"start":{"line":183,"column":8},"end":{"line":183,"column":80}},"101":{"start":{"line":186,"column":30},"end":{"line":186,"column":73}},"102":{"start":{"line":187,"column":25},"end":{"line":187,"column":72}},"103":{"start":{"line":188,"column":8},"end":{"line":188,"column":73}},"104":{"start":{"line":190,"column":8},"end":{"line":190,"column":32}},"105":{"start":{"line":193,"column":6},"end":{"line":193,"column":20}},"106":{"start":{"line":198,"column":2},"end":{"line":254,"column":4}},"107":{"start":{"line":257,"column":15},"end":{"line":303,"column":2}}},"fnMap":{"0":{"name":"BreathingScreen","decl":{"start":{"line":24,"column":24},"end":{"line":24,"column":39}},"loc":{"start":{"line":24,"column":42},"end":{"line":255,"column":1}},"line":24},"1":{"name":"(anonymous_1)","decl":{"start":{"line":42,"column":20},"end":{"line":42,"column":21}},"loc":{"start":{"line":42,"column":75},"end":{"line":57,"column":3}},"line":42},"2":{"name":"(anonymous_2)","decl":{"start":{"line":59,"column":22},"end":{"line":59,"column":23}},"loc":{"start":{"line":59,"column":34},"end":{"line":67,"column":3}},"line":59},"3":{"name":"(anonymous_3)","decl":{"start":{"line":70,"column":12},"end":{"line":70,"column":13}},"loc":{"start":{"line":70,"column":18},"end":{"line":83,"column":3}},"line":70},"4":{"name":"(anonymous_4)","decl":{"start":{"line":71,"column":25},"end":{"line":71,"column":26}},"loc":{"start":{"line":71,"column":37},"end":{"line":81,"column":5}},"line":71},"5":{"name":"(anonymous_5)","decl":{"start":{"line":88,"column":12},"end":{"line":88,"column":13}},"loc":{"start":{"line":88,"column":18},"end":{"line":167,"column":3}},"line":88},"6":{"name":"(anonymous_6)","decl":{"start":{"line":103,"column":13},"end":{"line":103,"column":14}},"loc":{"start":{"line":103,"column":23},"end":{"line":103,"column":40}},"line":103},"7":{"name":"(anonymous_7)","decl":{"start":{"line":112,"column":13},"end":{"line":112,"column":14}},"loc":{"start":{"line":112,"column":19},"end":{"line":116,"column":5}},"line":112},"8":{"name":"(anonymous_8)","decl":{"start":{"line":118,"column":30},"end":{"line":118,"column":31}},"loc":{"start":{"line":118,"column":42},"end":{"line":156,"column":5}},"line":118},"9":{"name":"(anonymous_9)","decl":{"start":{"line":145,"column":26},"end":{"line":145,"column":27}},"loc":{"start":{"line":145,"column":39},"end":{"line":145,"column":75}},"line":145},"10":{"name":"(anonymous_10)","decl":{"start":{"line":161,"column":11},"end":{"line":161,"column":12}},"loc":{"start":{"line":161,"column":17},"end":{"line":166,"column":5}},"line":161},"11":{"name":"(anonymous_11)","decl":{"start":{"line":169,"column":12},"end":{"line":169,"column":13}},"loc":{"start":{"line":169,"column":18},"end":{"line":195,"column":3}},"line":169},"12":{"name":"(anonymous_12)","decl":{"start":{"line":171,"column":26},"end":{"line":171,"column":27}},"loc":{"start":{"line":171,"column":38},"end":{"line":191,"column":7}},"line":171}},"branchMap":{"0":{"loc":{"start":{"line":43,"column":4},"end":{"line":43,"column":32}},"type":"if","locations":[{"start":{"line":43,"column":4},"end":{"line":43,"column":32}},{"start":{},"end":{}}],"line":43},"1":{"loc":{"start":{"line":45,"column":22},"end":{"line":45,"column":89}},"type":"cond-expr","locations":[{"start":{"line":45,"column":42},"end":{"line":45,"column":64}},{"start":{"line":45,"column":67},"end":{"line":45,"column":89}}],"line":45},"2":{"loc":{"start":{"line":47,"column":4},"end":{"line":47,"column":27}},"type":"if","locations":[{"start":{"line":47,"column":4},"end":{"line":47,"column":27}},{"start":{},"end":{}}],"line":47},"3":{"loc":{"start":{"line":49,"column":4},"end":{"line":52,"column":5}},"type":"if","locations":[{"start":{"line":49,"column":4},"end":{"line":52,"column":5}},{"start":{},"end":{}}],"line":49},"4":{"loc":{"start":{"line":62,"column":4},"end":{"line":66,"column":5}},"type":"if","locations":[{"start":{"line":62,"column":4},"end":{"line":66,"column":5}},{"start":{},"end":{}}],"line":62},"5":{"loc":{"start":{"line":62,"column":8},"end":{"line":62,"column":38}},"type":"binary-expr","locations":[{"start":{"line":62,"column":8},"end":{"line":62,"column":18}},{"start":{"line":62,"column":22},"end":{"line":62,"column":38}}],"line":62},"6":{"loc":{"start":{"line":77,"column":6},"end":{"line":77,"column":64}},"type":"if","locations":[{"start":{"line":77,"column":6},"end":{"line":77,"column":64}},{"start":{},"end":{}}],"line":77},"7":{"loc":{"start":{"line":78,"column":6},"end":{"line":78,"column":92}},"type":"if","locations":[{"start":{"line":78,"column":6},"end":{"line":78,"column":92}},{"start":{},"end":{}}],"line":78},"8":{"loc":{"start":{"line":79,"column":6},"end":{"line":79,"column":76}},"type":"if","locations":[{"start":{"line":79,"column":6},"end":{"line":79,"column":76}},{"start":{},"end":{}}],"line":79},"9":{"loc":{"start":{"line":80,"column":6},"end":{"line":80,"column":64}},"type":"if","locations":[{"start":{"line":80,"column":6},"end":{"line":80,"column":64}},{"start":{},"end":{}}],"line":80},"10":{"loc":{"start":{"line":85,"column":26},"end":{"line":85,"column":79}},"type":"binary-expr","locations":[{"start":{"line":85,"column":26},"end":{"line":85,"column":56}},{"start":{"line":85,"column":60},"end":{"line":85,"column":79}}],"line":85},"11":{"loc":{"start":{"line":89,"column":4},"end":{"line":92,"column":5}},"type":"if","locations":[{"start":{"line":89,"column":4},"end":{"line":92,"column":5}},{"start":{},"end":{}}],"line":89},"12":{"loc":{"start":{"line":100,"column":36},"end":{"line":100,"column":69}},"type":"binary-expr","locations":[{"start":{"line":100,"column":36},"end":{"line":100,"column":64}},{"start":{"line":100,"column":68},"end":{"line":100,"column":69}}],"line":100},"13":{"loc":{"start":{"line":102,"column":37},"end":{"line":102,"column":71}},"type":"binary-expr","locations":[{"start":{"line":102,"column":37},"end":{"line":102,"column":66}},{"start":{"line":102,"column":70},"end":{"line":102,"column":71}}],"line":102},"14":{"loc":{"start":{"line":113,"column":6},"end":{"line":115,"column":7}},"type":"if","locations":[{"start":{"line":113,"column":6},"end":{"line":115,"column":7}},{"start":{},"end":{}}],"line":113},"15":{"loc":{"start":{"line":121,"column":13},"end":{"line":121,"column":63}},"type":"binary-expr","locations":[{"start":{"line":121,"column":13},"end":{"line":121,"column":24}},{"start":{"line":121,"column":28},"end":{"line":121,"column":63}}],"line":121},"16":{"loc":{"start":{"line":122,"column":8},"end":{"line":122,"column":31}},"type":"if","locations":[{"start":{"line":122,"column":8},"end":{"line":122,"column":31}},{"start":{},"end":{}}],"line":122},"17":{"loc":{"start":{"line":129,"column":8},"end":{"line":135,"column":9}},"type":"if","locations":[{"start":{"line":129,"column":8},"end":{"line":135,"column":9}},{"start":{},"end":{}}],"line":129},"18":{"loc":{"start":{"line":130,"column":10},"end":{"line":134,"column":11}},"type":"if","locations":[{"start":{"line":130,"column":10},"end":{"line":134,"column":11}},{"start":{"line":132,"column":17},"end":{"line":134,"column":11}}],"line":130},"19":{"loc":{"start":{"line":132,"column":17},"end":{"line":134,"column":11}},"type":"if","locations":[{"start":{"line":132,"column":17},"end":{"line":134,"column":11}},{"start":{},"end":{}}],"line":132},"20":{"loc":{"start":{"line":137,"column":8},"end":{"line":143,"column":9}},"type":"if","locations":[{"start":{"line":137,"column":8},"end":{"line":143,"column":9}},{"start":{},"end":{}}],"line":137},"21":{"loc":{"start":{"line":137,"column":12},"end":{"line":137,"column":77}},"type":"binary-expr","locations":[{"start":{"line":137,"column":12},"end":{"line":137,"column":30}},{"start":{"line":137,"column":34},"end":{"line":137,"column":53}},{"start":{"line":137,"column":57},"end":{"line":137,"column":77}}],"line":137},"22":{"loc":{"start":{"line":138,"column":10},"end":{"line":142,"column":11}},"type":"if","locations":[{"start":{"line":138,"column":10},"end":{"line":142,"column":11}},{"start":{"line":140,"column":17},"end":{"line":142,"column":11}}],"line":138},"23":{"loc":{"start":{"line":140,"column":17},"end":{"line":142,"column":11}},"type":"if","locations":[{"start":{"line":140,"column":17},"end":{"line":142,"column":11}},{"start":{},"end":{}}],"line":140},"24":{"loc":{"start":{"line":151,"column":8},"end":{"line":154,"column":9}},"type":"if","locations":[{"start":{"line":151,"column":8},"end":{"line":154,"column":9}},{"start":{},"end":{}}],"line":151},"25":{"loc":{"start":{"line":170,"column":4},"end":{"line":194,"column":5}},"type":"if","locations":[{"start":{"line":170,"column":4},"end":{"line":194,"column":5}},{"start":{},"end":{}}],"line":170},"26":{"loc":{"start":{"line":175,"column":22},"end":{"line":175,"column":64}},"type":"cond-expr","locations":[{"start":{"line":175,"column":36},"end":{"line":175,"column":59}},{"start":{"line":175,"column":62},"end":{"line":175,"column":64}}],"line":175},"27":{"loc":{"start":{"line":187,"column":25},"end":{"line":187,"column":72}},"type":"cond-expr","locations":[{"start":{"line":187,"column":41},"end":{"line":187,"column":68}},{"start":{"line":187,"column":71},"end":{"line":187,"column":72}}],"line":187},"28":{"loc":{"start":{"line":201,"column":7},"end":{"line":209,"column":7}},"type":"cond-expr","locations":[{"start":{"line":202,"column":8},"end":{"line":204,"column":21}},{"start":{"line":206,"column":8},"end":{"line":208,"column":21}}],"line":201},"29":{"loc":{"start":{"line":213,"column":10},"end":{"line":213,"column":138}},"type":"binary-expr","locations":[{"start":{"line":213,"column":10},"end":{"line":213,"column":19}},{"start":{"line":213,"column":23},"end":{"line":213,"column":138}}],"line":213},"30":{"loc":{"start":{"line":223,"column":7},"end":{"line":225,"column":7}},"type":"binary-expr","locations":[{"start":{"line":223,"column":7},"end":{"line":223,"column":24}},{"start":{"line":223,"column":28},"end":{"line":223,"column":38}},{"start":{"line":224,"column":8},"end":{"line":224,"column":117}}],"line":223},"31":{"loc":{"start":{"line":245,"column":11},"end":{"line":245,"column":56}},"type":"binary-expr","locations":[{"start":{"line":245,"column":12},"end":{"line":245,"column":22}},{"start":{"line":245,"column":26},"end":{"line":245,"column":41}},{"start":{"line":245,"column":46},"end":{"line":245,"column":56}}],"line":245},"32":{"loc":{"start":{"line":246,"column":11},"end":{"line":246,"column":55}},"type":"binary-expr","locations":[{"start":{"line":246,"column":12},"end":{"line":246,"column":22}},{"start":{"line":246,"column":26},"end":{"line":246,"column":43}},{"start":{"line":246,"column":48},"end":{"line":246,"column":55}}],"line":246},"33":{"loc":{"start":{"line":247,"column":11},"end":{"line":247,"column":31}},"type":"binary-expr","locations":[{"start":{"line":247,"column":11},"end":{"line":247,"column":20}},{"start":{"line":247,"column":24},"end":{"line":247,"column":31}}],"line":247},"34":{"loc":{"start":{"line":250,"column":9},"end":{"line":250,"column":91}},"type":"cond-expr","locations":[{"start":{"line":250,"column":21},"end":{"line":250,"column":55}},{"start":{"line":250,"column":58},"end":{"line":250,"column":91}}],"line":250}},"s":{"0":1,"1":1,"2":7,"3":7,"4":7,"5":7,"6":7,"7":7,"8":7,"9":7,"10":7,"11":7,"12":7,"13":7,"14":7,"15":7,"16":2,"17":0,"18":2,"19":2,"20":0,"21":2,"22":0,"23":0,"24":2,"25":2,"26":2,"27":7,"28":3,"29":3,"30":0,"31":0,"32":0,"33":7,"34":2,"35":2,"36":2,"37":2,"38":2,"39":2,"40":0,"41":2,"42":0,"43":2,"44":0,"45":2,"46":0,"47":2,"48":7,"49":7,"50":5,"51":3,"52":3,"53":2,"54":2,"55":2,"56":2,"57":8,"58":2,"59":2,"60":0,"61":0,"62":2,"63":2,"64":2,"65":0,"66":2,"67":2,"68":2,"69":2,"70":2,"71":2,"72":0,"73":0,"74":2,"75":2,"76":2,"77":0,"78":0,"79":2,"80":2,"81":0,"82":0,"83":0,"84":0,"85":0,"86":0,"87":2,"88":2,"89":2,"90":2,"91":2,"92":2,"93":7,"94":2,"95":0,"96":0,"97":0,"98":0,"99":0,"100":0,"101":0,"102":0,"103":0,"104":0,"105":0,"106":7,"107":1},"f":{"0":7,"1":2,"2":3,"3":2,"4":2,"5":5,"6":8,"7":0,"8":2,"9":2,"10":2,"11":2,"12":0},"b":{"0":[0,2],"1":[2,0],"2":[0,2],"3":[0,2],"4":[0,3],"5":[3,2],"6":[0,2],"7":[0,2],"8":[0,2],"9":[0,2],"10":[7,0],"11":[3,2],"12":[2,2],"13":[2,2],"14":[0,0],"15":[2,2],"16":[0,2],"17":[2,0],"18":[2,0],"19":[0,0],"20":[2,0],"21":[2,2,2],"22":[2,0],"23":[0,0],"24":[0,0],"25":[0,2],"26":[0,0],"27":[0,0],"28":[4,3],"29":[7,4],"30":[7,7,3],"31":[7,3,0],"32":[7,3,3],"33":[7,4],"34":[4,3]},"_coverageSchema":"1a1c01bbd47fc00a2c39e90264f33305004495a9","hash":"ede5e6c09ed626fa0292d7fe473858e713f3c7b4"}
,"/Users/anastasiakashkinova/src/mobile-dev-module/SomaFlow/app/summary.tsx": {"path":"/Users/anastasiakashkinova/src/mobile-dev-module/SomaFlow/app/summary.tsx","statementMap":{"0":{"start":{"line":13,"column":40},"end":{"line":13,"column":168}},"1":{"start":{"line":14,"column":44},"end":{"line":14,"column":55}},"2":{"start":{"line":15,"column":50},"end":{"line":15,"column":61}},"3":{"start":{"line":16,"column":19},"end":{"line":16,"column":29}},"4":{"start":{"line":17,"column":17},"end":{"line":17,"column":28}},"5":{"start":{"line":19,"column":2},"end":{"line":36,"column":9}},"6":{"start":{"line":20,"column":24},"end":{"line":33,"column":5}},"7":{"start":{"line":21,"column":26},"end":{"line":21,"column":72}},"8":{"start":{"line":22,"column":22},"end":{"line":22,"column":64}},"9":{"start":{"line":24,"column":6},"end":{"line":26,"column":7}},"10":{"start":{"line":25,"column":8},"end":{"line":25,"column":35}},"11":{"start":{"line":28,"column":28},"end":{"line":28,"column":71}},"12":{"start":{"line":29,"column":6},"end":{"line":29,"column":68}},"13":{"start":{"line":31,"column":31},"end":{"line":31,"column":61}},"14":{"start":{"line":32,"column":6},"end":{"line":32,"column":44}},"15":{"start":{"line":35,"column":4},"end":{"line":35,"column":18}},"16":{"start":{"line":38,"column":2},"end":{"line":76,"column":4}},"17":{"start":{"line":70,"column":23},"end":{"line":70,"column":39}},"18":{"start":{"line":79,"column":15},"end":{"line":103,"column":2}}},"fnMap":{"0":{"name":"SummaryScreen","decl":{"start":{"line":12,"column":24},"end":{"line":12,"column":37}},"loc":{"start":{"line":12,"column":40},"end":{"line":77,"column":1}},"line":12},"1":{"name":"(anonymous_1)","decl":{"start":{"line":19,"column":12},"end":{"line":19,"column":13}},"loc":{"start":{"line":19,"column":18},"end":{"line":36,"column":3}},"line":19},"2":{"name":"(anonymous_2)","decl":{"start":{"line":20,"column":24},"end":{"line":20,"column":25}},"loc":{"start":{"line":20,"column":36},"end":{"line":33,"column":5}},"line":20},"3":{"name":"(anonymous_3)","decl":{"start":{"line":70,"column":17},"end":{"line":70,"column":18}},"loc":{"start":{"line":70,"column":23},"end":{"line":70,"column":39}},"line":70}},"branchMap":{"0":{"loc":{"start":{"line":22,"column":22},"end":{"line":22,"column":64}},"type":"cond-expr","locations":[{"start":{"line":22,"column":36},"end":{"line":22,"column":59}},{"start":{"line":22,"column":62},"end":{"line":22,"column":64}}],"line":22},"1":{"loc":{"start":{"line":24,"column":6},"end":{"line":26,"column":7}},"type":"if","locations":[{"start":{"line":24,"column":6},"end":{"line":26,"column":7}},{"start":{},"end":{}}],"line":24},"2":{"loc":{"start":{"line":29,"column":23},"end":{"line":29,"column":66}},"type":"cond-expr","locations":[{"start":{"line":29,"column":39},"end":{"line":29,"column":62}},{"start":{"line":29,"column":65},"end":{"line":29,"column":66}}],"line":29},"3":{"loc":{"start":{"line":45,"column":27},"end":{"line":45,"column":97}},"type":"binary-expr","locations":[{"start":{"line":45,"column":27},"end":{"line":45,"column":48}},{"start":{"line":45,"column":52},"end":{"line":45,"column":97}}],"line":45}},"s":{"0":4,"1":4,"2":4,"3":4,"4":4,"5":4,"6":2,"7":2,"8":2,"9":2,"10":2,"11":2,"12":2,"13":2,"14":2,"15":2,"16":4,"17":0,"18":1},"f":{"0":4,"1":2,"2":2,"3":0},"b":{"0":[2,0],"1":[2,0],"2":[2,0],"3":[4,4]},"_coverageSchema":"1a1c01bbd47fc00a2c39e90264f33305004495a9","hash":"39e5c2eed33f3d37e05821d810b54564b93d00bb"}
,"/Users/anastasiakashkinova/src/mobile-dev-module/SomaFlow/app/(tabs)/progress.tsx": {"path":"/Users/anastasiakashkinova/src/mobile-dev-module/SomaFlow/app/(tabs)/progress.tsx","statementMap":{"0":{"start":{"line":8,"column":19},"end":{"line":8,"column":97}},"1":{"start":{"line":11,"column":21},"end":{"line":11,"column":31}},"2":{"start":{"line":19,"column":46},"end":{"line":19,"column":69}},"3":{"start":{"line":20,"column":44},"end":{"line":20,"column":84}},"4":{"start":{"line":21,"column":44},"end":{"line":21,"column":55}},"5":{"start":{"line":22,"column":50},"end":{"line":22,"column":61}},"6":{"start":{"line":24,"column":2},"end":{"line":63,"column":9}},"7":{"start":{"line":25,"column":25},"end":{"line":60,"column":5}},"8":{"start":{"line":26,"column":26},"end":{"line":26,"column":72}},"9":{"start":{"line":27,"column":33},"end":{"line":27,"column":75}},"10":{"start":{"line":29,"column":6},"end":{"line":29,"column":33}},"11":{"start":{"line":32,"column":26},"end":{"line":32,"column":36}},"12":{"start":{"line":33,"column":6},"end":{"line":33,"column":72}},"13":{"start":{"line":34,"column":6},"end":{"line":34,"column":39}},"14":{"start":{"line":36,"column":24},"end":{"line":36,"column":45}},"15":{"start":{"line":37,"column":6},"end":{"line":37,"column":51}},"16":{"start":{"line":39,"column":29},"end":{"line":42,"column":8}},"17":{"start":{"line":40,"column":28},"end":{"line":40,"column":50}},"18":{"start":{"line":41,"column":8},"end":{"line":41,"column":69}},"19":{"start":{"line":45,"column":63},"end":{"line":45,"column":65}},"20":{"start":{"line":46,"column":6},"end":{"line":50,"column":9}},"21":{"start":{"line":47,"column":28},"end":{"line":47,"column":50}},"22":{"start":{"line":48,"column":27},"end":{"line":48,"column":59}},"23":{"start":{"line":49,"column":8},"end":{"line":49,"column":48}},"24":{"start":{"line":52,"column":6},"end":{"line":52,"column":45}},"25":{"start":{"line":55,"column":6},"end":{"line":55,"column":49}},"26":{"start":{"line":58,"column":28},"end":{"line":58,"column":71}},"27":{"start":{"line":59,"column":6},"end":{"line":59,"column":68}},"28":{"start":{"line":62,"column":4},"end":{"line":62,"column":19}},"29":{"start":{"line":65,"column":2},"end":{"line":125,"column":4}},"30":{"start":{"line":89,"column":12},"end":{"line":99,"column":25}},"31":{"start":{"line":110,"column":14},"end":{"line":117,"column":27}},"32":{"start":{"line":128,"column":15},"end":{"line":165,"column":2}}},"fnMap":{"0":{"name":"ProgressScreen","decl":{"start":{"line":10,"column":24},"end":{"line":10,"column":38}},"loc":{"start":{"line":10,"column":41},"end":{"line":126,"column":1}},"line":10},"1":{"name":"(anonymous_1)","decl":{"start":{"line":24,"column":12},"end":{"line":24,"column":13}},"loc":{"start":{"line":24,"column":18},"end":{"line":63,"column":3}},"line":24},"2":{"name":"(anonymous_2)","decl":{"start":{"line":25,"column":25},"end":{"line":25,"column":26}},"loc":{"start":{"line":25,"column":37},"end":{"line":60,"column":5}},"line":25},"3":{"name":"(anonymous_3)","decl":{"start":{"line":39,"column":44},"end":{"line":39,"column":45}},"loc":{"start":{"line":39,"column":57},"end":{"line":42,"column":7}},"line":39},"4":{"name":"(anonymous_4)","decl":{"start":{"line":46,"column":29},"end":{"line":46,"column":30}},"loc":{"start":{"line":46,"column":42},"end":{"line":50,"column":7}},"line":46},"5":{"name":"(anonymous_5)","decl":{"start":{"line":88,"column":26},"end":{"line":88,"column":27}},"loc":{"start":{"line":89,"column":12},"end":{"line":99,"column":25}},"line":89},"6":{"name":"(anonymous_6)","decl":{"start":{"line":109,"column":44},"end":{"line":109,"column":45}},"loc":{"start":{"line":110,"column":14},"end":{"line":117,"column":27}},"line":110}},"branchMap":{"0":{"loc":{"start":{"line":27,"column":33},"end":{"line":27,"column":75}},"type":"cond-expr","locations":[{"start":{"line":27,"column":47},"end":{"line":27,"column":70}},{"start":{"line":27,"column":73},"end":{"line":27,"column":75}}],"line":27},"1":{"loc":{"start":{"line":41,"column":15},"end":{"line":41,"column":68}},"type":"binary-expr","locations":[{"start":{"line":41,"column":15},"end":{"line":41,"column":41}},{"start":{"line":41,"column":45},"end":{"line":41,"column":68}}],"line":41},"2":{"loc":{"start":{"line":59,"column":23},"end":{"line":59,"column":66}},"type":"cond-expr","locations":[{"start":{"line":59,"column":39},"end":{"line":59,"column":62}},{"start":{"line":59,"column":65},"end":{"line":59,"column":66}}],"line":59},"3":{"loc":{"start":{"line":93,"column":35},"end":{"line":93,"column":86}},"type":"cond-expr","locations":[{"start":{"line":93,"column":56},"end":{"line":93,"column":70}},{"start":{"line":93,"column":73},"end":{"line":93,"column":86}}],"line":93},"4":{"loc":{"start":{"line":96,"column":61},"end":{"line":96,"column":103}},"type":"cond-expr","locations":[{"start":{"line":96,"column":82},"end":{"line":96,"column":89}},{"start":{"line":96,"column":92},"end":{"line":96,"column":103}}],"line":96},"5":{"loc":{"start":{"line":108,"column":11},"end":{"line":121,"column":11}},"type":"cond-expr","locations":[{"start":{"line":109,"column":12},"end":{"line":118,"column":14}},{"start":{"line":120,"column":12},"end":{"line":120,"column":62}}],"line":108}},"s":{"0":1,"1":6,"2":6,"3":6,"4":6,"5":6,"6":6,"7":3,"8":3,"9":3,"10":3,"11":3,"12":3,"13":3,"14":3,"15":3,"16":3,"17":3,"18":3,"19":3,"20":3,"21":0,"22":0,"23":0,"24":3,"25":3,"26":3,"27":3,"28":3,"29":6,"30":42,"31":3,"32":1},"f":{"0":6,"1":3,"2":3,"3":3,"4":0,"5":42,"6":3},"b":{"0":[3,0],"1":[3,0],"2":[3,0],"3":[0,42],"4":[0,42],"5":[3,3]},"_coverageSchema":"1a1c01bbd47fc00a2c39e90264f33305004495a9","hash":"6dd8558c506349e4f948be82cfec93afb0c3f791"}
,"/Users/anastasiakashkinova/src/mobile-dev-module/SomaFlow/app/(tabs)/settings.tsx": {"path":"/Users/anastasiakashkinova/src/mobile-dev-module/SomaFlow/app/(tabs)/settings.tsx","statementMap":{"0":{"start":{"line":9,"column":21},"end":{"line":9,"column":31}},"1":{"start":{"line":12,"column":54},"end":{"line":12,"column":74}},"2":{"start":{"line":13,"column":48},"end":{"line":13,"column":65}},"3":{"start":{"line":14,"column":46},"end":{"line":14,"column":60}},"4":{"start":{"line":15,"column":54},"end":{"line":15,"column":68}},"5":{"start":{"line":18,"column":2},"end":{"line":31,"column":9}},"6":{"start":{"line":19,"column":25},"end":{"line":29,"column":5}},"7":{"start":{"line":20,"column":29},"end":{"line":20,"column":77}},"8":{"start":{"line":21,"column":28},"end":{"line":21,"column":73}},"9":{"start":{"line":22,"column":25},"end":{"line":22,"column":69}},"10":{"start":{"line":23,"column":29},"end":{"line":23,"column":77}},"11":{"start":{"line":25,"column":6},"end":{"line":25,"column":64}},"12":{"start":{"line":25,"column":26},"end":{"line":25,"column":64}},"13":{"start":{"line":26,"column":6},"end":{"line":26,"column":59}},"14":{"start":{"line":26,"column":25},"end":{"line":26,"column":59}},"15":{"start":{"line":27,"column":6},"end":{"line":27,"column":64}},"16":{"start":{"line":27,"column":22},"end":{"line":27,"column":64}},"17":{"start":{"line":28,"column":6},"end":{"line":28,"column":76}},"18":{"start":{"line":28,"column":26},"end":{"line":28,"column":76}},"19":{"start":{"line":30,"column":4},"end":{"line":30,"column":19}},"20":{"start":{"line":34,"column":22},"end":{"line":36,"column":3}},"21":{"start":{"line":35,"column":4},"end":{"line":35,"column":96}},"22":{"start":{"line":38,"column":2},"end":{"line":119,"column":4}},"23":{"start":{"line":47,"column":14},"end":{"line":58,"column":26}},"24":{"start":{"line":50,"column":18},"end":{"line":50,"column":48}},"25":{"start":{"line":51,"column":18},"end":{"line":51,"column":60}},"26":{"start":{"line":69,"column":14},"end":{"line":80,"column":26}},"27":{"start":{"line":72,"column":18},"end":{"line":72,"column":45}},"28":{"start":{"line":73,"column":18},"end":{"line":73,"column":57}},"29":{"start":{"line":90,"column":14},"end":{"line":90,"column":49}},"30":{"start":{"line":91,"column":14},"end":{"line":91,"column":61}},"31":{"start":{"line":106,"column":14},"end":{"line":106,"column":57}},"32":{"start":{"line":107,"column":14},"end":{"line":107,"column":69}},"33":{"start":{"line":122,"column":15},"end":{"line":162,"column":2}}},"fnMap":{"0":{"name":"SettingsScreen","decl":{"start":{"line":8,"column":24},"end":{"line":8,"column":38}},"loc":{"start":{"line":8,"column":41},"end":{"line":120,"column":1}},"line":8},"1":{"name":"(anonymous_1)","decl":{"start":{"line":18,"column":12},"end":{"line":18,"column":13}},"loc":{"start":{"line":18,"column":18},"end":{"line":31,"column":3}},"line":18},"2":{"name":"(anonymous_2)","decl":{"start":{"line":19,"column":25},"end":{"line":19,"column":26}},"loc":{"start":{"line":19,"column":37},"end":{"line":29,"column":5}},"line":19},"3":{"name":"(anonymous_3)","decl":{"start":{"line":34,"column":22},"end":{"line":34,"column":23}},"loc":{"start":{"line":34,"column":57},"end":{"line":36,"column":3}},"line":34},"4":{"name":"(anonymous_4)","decl":{"start":{"line":46,"column":56},"end":{"line":46,"column":57}},"loc":{"start":{"line":47,"column":14},"end":{"line":58,"column":26}},"line":47},"5":{"name":"(anonymous_5)","decl":{"start":{"line":49,"column":25},"end":{"line":49,"column":26}},"loc":{"start":{"line":49,"column":31},"end":{"line":52,"column":17}},"line":49},"6":{"name":"(anonymous_6)","decl":{"start":{"line":68,"column":61},"end":{"line":68,"column":62}},"loc":{"start":{"line":69,"column":14},"end":{"line":80,"column":26}},"line":69},"7":{"name":"(anonymous_7)","decl":{"start":{"line":71,"column":25},"end":{"line":71,"column":26}},"loc":{"start":{"line":71,"column":31},"end":{"line":74,"column":17}},"line":71},"8":{"name":"(anonymous_8)","decl":{"start":{"line":89,"column":21},"end":{"line":89,"column":22}},"loc":{"start":{"line":89,"column":27},"end":{"line":92,"column":13}},"line":89},"9":{"name":"(anonymous_9)","decl":{"start":{"line":105,"column":21},"end":{"line":105,"column":22}},"loc":{"start":{"line":105,"column":27},"end":{"line":108,"column":13}},"line":105}},"branchMap":{"0":{"loc":{"start":{"line":25,"column":6},"end":{"line":25,"column":64}},"type":"if","locations":[{"start":{"line":25,"column":6},"end":{"line":25,"column":64}},{"start":{},"end":{}}],"line":25},"1":{"loc":{"start":{"line":26,"column":6},"end":{"line":26,"column":59}},"type":"if","locations":[{"start":{"line":26,"column":6},"end":{"line":26,"column":59}},{"start":{},"end":{}}],"line":26},"2":{"loc":{"start":{"line":27,"column":6},"end":{"line":27,"column":64}},"type":"if","locations":[{"start":{"line":27,"column":6},"end":{"line":27,"column":64}},{"start":{},"end":{}}],"line":27},"3":{"loc":{"start":{"line":28,"column":6},"end":{"line":28,"column":76}},"type":"if","locations":[{"start":{"line":28,"column":6},"end":{"line":28,"column":76}},{"start":{},"end":{}}],"line":28},"4":{"loc":{"start":{"line":35,"column":36},"end":{"line":35,"column":94}},"type":"cond-expr","locations":[{"start":{"line":35,"column":65},"end":{"line":35,"column":86}},{"start":{"line":35,"column":89},"end":{"line":35,"column":94}}],"line":35},"5":{"loc":{"start":{"line":53,"column":56},"end":{"line":53,"column":118}},"type":"cond-expr","locations":[{"start":{"line":53,"column":88},"end":{"line":53,"column":102}},{"start":{"line":53,"column":105},"end":{"line":53,"column":118}}],"line":53},"6":{"loc":{"start":{"line":55,"column":63},"end":{"line":55,"column":116}},"type":"cond-expr","locations":[{"start":{"line":55,"column":95},"end":{"line":55,"column":102}},{"start":{"line":55,"column":105},"end":{"line":55,"column":116}}],"line":55},"7":{"loc":{"start":{"line":75,"column":56},"end":{"line":75,"column":115}},"type":"cond-expr","locations":[{"start":{"line":75,"column":85},"end":{"line":75,"column":99}},{"start":{"line":75,"column":102},"end":{"line":75,"column":115}}],"line":75},"8":{"loc":{"start":{"line":77,"column":63},"end":{"line":77,"column":113}},"type":"cond-expr","locations":[{"start":{"line":77,"column":92},"end":{"line":77,"column":99}},{"start":{"line":77,"column":102},"end":{"line":77,"column":113}}],"line":77},"9":{"loc":{"start":{"line":93,"column":60},"end":{"line":93,"column":107}},"type":"cond-expr","locations":[{"start":{"line":93,"column":77},"end":{"line":93,"column":91}},{"start":{"line":93,"column":94},"end":{"line":93,"column":107}}],"line":93},"10":{"loc":{"start":{"line":96,"column":36},"end":{"line":96,"column":74}},"type":"cond-expr","locations":[{"start":{"line":96,"column":53},"end":{"line":96,"column":60}},{"start":{"line":96,"column":63},"end":{"line":96,"column":74}}],"line":96},"11":{"loc":{"start":{"line":97,"column":15},"end":{"line":97,"column":44}},"type":"cond-expr","locations":[{"start":{"line":97,"column":32},"end":{"line":97,"column":36}},{"start":{"line":97,"column":39},"end":{"line":97,"column":44}}],"line":97},"12":{"loc":{"start":{"line":109,"column":60},"end":{"line":109,"column":111}},"type":"cond-expr","locations":[{"start":{"line":109,"column":81},"end":{"line":109,"column":95}},{"start":{"line":109,"column":98},"end":{"line":109,"column":111}}],"line":109},"13":{"loc":{"start":{"line":112,"column":36},"end":{"line":112,"column":78}},"type":"cond-expr","locations":[{"start":{"line":112,"column":57},"end":{"line":112,"column":64}},{"start":{"line":112,"column":67},"end":{"line":112,"column":78}}],"line":112},"14":{"loc":{"start":{"line":113,"column":15},"end":{"line":113,"column":48}},"type":"cond-expr","locations":[{"start":{"line":113,"column":36},"end":{"line":113,"column":40}},{"start":{"line":113,"column":43},"end":{"line":113,"column":48}}],"line":113}},"s":{"0":6,"1":6,"2":6,"3":6,"4":6,"5":6,"6":4,"7":4,"8":4,"9":4,"10":4,"11":4,"12":0,"13":4,"14":0,"15":4,"16":0,"17":4,"18":0,"19":4,"20":6,"21":4,"22":6,"23":18,"24":1,"25":1,"26":30,"27":1,"28":1,"29":1,"30":1,"31":1,"32":1,"33":1},"f":{"0":6,"1":4,"2":4,"3":4,"4":18,"5":1,"6":30,"7":1,"8":1,"9":1},"b":{"0":[0,4],"1":[0,4],"2":[0,4],"3":[0,4],"4":[2,2],"5":[6,12],"6":[6,12],"7":[6,24],"8":[6,24],"9":[5,1],"10":[5,1],"11":[5,1],"12":[5,1],"13":[5,1],"14":[5,1]},"_coverageSchema":"1a1c01bbd47fc00a2c39e90264f33305004495a9","hash":"4beb6afdba789ea0b810d7fcc08dd5abd85c56e6"}
,"/Users/anastasiakashkinova/src/mobile-dev-module/SomaFlow/assets/images/party-popper.png": {"path":"/Users/anastasiakashkinova/src/mobile-dev-module/SomaFlow/assets/images/party-popper.png","statementMap":{"0":{"start":{"line":1,"column":0},"end":{"line":4,"column":6}}},"fnMap":{},"branchMap":{},"s":{"0":1},"f":{},"b":{},"_coverageSchema":"1a1c01bbd47fc00a2c39e90264f33305004495a9","hash":"eee380a4d3a8d1e8c8d6e95dd3b39db581f62fda"}
,"/Users/anastasiakashkinova/src/mobile-dev-module/SomaFlow/assets/sounds/breathe-in-4.mp3": {"path":"/Users/anastasiakashkinova/src/mobile-dev-module/SomaFlow/assets/sounds/breathe-in-4.mp3","statementMap":{"0":{"start":{"line":1,"column":0},"end":{"line":1,"column":19}}},"fnMap":{},"branchMap":{},"s":{"0":1},"f":{},"b":{},"_coverageSchema":"1a1c01bbd47fc00a2c39e90264f33305004495a9","hash":"d090a7f9e61ba592efaf065906890941fb7c5e8f"}
,"/Users/anastasiakashkinova/src/mobile-dev-module/SomaFlow/assets/sounds/breathe-out-4.mp3": {"path":"/Users/anastasiakashkinova/src/mobile-dev-module/SomaFlow/assets/sounds/breathe-out-4.mp3","statementMap":{"0":{"start":{"line":1,"column":0},"end":{"line":1,"column":19}}},"fnMap":{},"branchMap":{},"s":{"0":1},"f":{},"b":{},"_coverageSchema":"1a1c01bbd47fc00a2c39e90264f33305004495a9","hash":"5f093fbad6b55f5ebb6b8315432e5854e34332de"}
,"/Users/anastasiakashkinova/src/mobile-dev-module/SomaFlow/assets/sounds/breathe-out-6.mp3": {"path":"/Users/anastasiakashkinova/src/mobile-dev-module/SomaFlow/assets/sounds/breathe-out-6.mp3","statementMap":{"0":{"start":{"line":1,"column":0},"end":{"line":1,"column":19}}},"fnMap":{},"branchMap":{},"s":{"0":1},"f":{},"b":{},"_coverageSchema":"1a1c01bbd47fc00a2c39e90264f33305004495a9","hash":"d0e7ed949da1d8b3c29e4747a4142f8f6e7ce342"}
,"/Users/anastasiakashkinova/src/mobile-dev-module/SomaFlow/assets/sounds/breathe-out-8.mp3": {"path":"/Users/anastasiakashkinova/src/mobile-dev-module/SomaFlow/assets/sounds/breathe-out-8.mp3","statementMap":{"0":{"start":{"line":1,"column":0},"end":{"line":1,"column":19}}},"fnMap":{},"branchMap":{},"s":{"0":1},"f":{},"b":{},"_coverageSchema":"1a1c01bbd47fc00a2c39e90264f33305004495a9","hash":"3d2c5361c56ec6d4ca82feda1b38d0965e223a7b"}
,"/Users/anastasiakashkinova/src/mobile-dev-module/SomaFlow/components/ThemedText.tsx": {"path":"/Users/anastasiakashkinova/src/mobile-dev-module/SomaFlow/components/ThemedText.tsx","statementMap":{"0":{"start":{"line":18,"column":16},"end":{"line":18,"column":77}},"1":{"start":{"line":20,"column":2},"end":{"line":33,"column":4}},"2":{"start":{"line":36,"column":15},"end":{"line":62,"column":2}}},"fnMap":{"0":{"name":"ThemedText","decl":{"start":{"line":11,"column":16},"end":{"line":11,"column":26}},"loc":{"start":{"line":17,"column":20},"end":{"line":34,"column":1}},"line":17}},"branchMap":{"0":{"loc":{"start":{"line":13,"column":2},"end":{"line":13,"column":37}},"type":"default-arg","locations":[{"start":{"line":13,"column":15},"end":{"line":13,"column":37}}],"line":13},"1":{"loc":{"start":{"line":14,"column":2},"end":{"line":14,"column":35}},"type":"default-arg","locations":[{"start":{"line":14,"column":14},"end":{"line":14,"column":35}}],"line":14},"2":{"loc":{"start":{"line":15,"column":2},"end":{"line":15,"column":18}},"type":"default-arg","locations":[{"start":{"line":15,"column":9},"end":{"line":15,"column":18}}],"line":15},"3":{"loc":{"start":{"line":24,"column":8},"end":{"line":24,"column":55}},"type":"cond-expr","locations":[{"start":{"line":24,"column":29},"end":{"line":24,"column":43}},{"start":{"line":24,"column":46},"end":{"line":24,"column":55}}],"line":24},"4":{"loc":{"start":{"line":25,"column":8},"end":{"line":25,"column":51}},"type":"cond-expr","locations":[{"start":{"line":25,"column":27},"end":{"line":25,"column":39}},{"start":{"line":25,"column":42},"end":{"line":25,"column":51}}],"line":25},"5":{"loc":{"start":{"line":26,"column":8},"end":{"line":26,"column":71}},"type":"cond-expr","locations":[{"start":{"line":26,"column":37},"end":{"line":26,"column":59}},{"start":{"line":26,"column":62},"end":{"line":26,"column":71}}],"line":26},"6":{"loc":{"start":{"line":27,"column":8},"end":{"line":27,"column":57}},"type":"cond-expr","locations":[{"start":{"line":27,"column":30},"end":{"line":27,"column":45}},{"start":{"line":27,"column":48},"end":{"line":27,"column":57}}],"line":27},"7":{"loc":{"start":{"line":28,"column":8},"end":{"line":28,"column":49}},"type":"cond-expr","locations":[{"start":{"line":28,"column":26},"end":{"line":28,"column":37}},{"start":{"line":28,"column":40},"end":{"line":28,"column":49}}],"line":28}},"s":{"0":251,"1":251,"2":5},"f":{"0":251},"b":{"0":[219],"1":[251],"2":[67],"3":[77,174],"4":[30,221],"5":[93,158],"6":[51,200],"7":[0,251]},"_coverageSchema":"1a1c01bbd47fc00a2c39e90264f33305004495a9","hash":"a25b07df03fbef71a143c5878be7fc0efd67dde8"}
,"/Users/anastasiakashkinova/src/mobile-dev-module/SomaFlow/components/ThemedView.tsx": {"path":"/Users/anastasiakashkinova/src/mobile-dev-module/SomaFlow/components/ThemedView.tsx","statementMap":{"0":{"start":{"line":12,"column":26},"end":{"line":12,"column":93}},"1":{"start":{"line":14,"column":2},"end":{"line":18,"column":3}},"2":{"start":{"line":15,"column":4},"end":{"line":15,"column":79}},"3":{"start":{"line":17,"column":4},"end":{"line":17,"column":73}}},"fnMap":{"0":{"name":"ThemedView","decl":{"start":{"line":11,"column":16},"end":{"line":11,"column":26}},"loc":{"start":{"line":11,"column":111},"end":{"line":19,"column":1}},"line":11}},"branchMap":{"0":{"loc":{"start":{"line":11,"column":59},"end":{"line":11,"column":75}},"type":"default-arg","locations":[{"start":{"line":11,"column":66},"end":{"line":11,"column":75}}],"line":11},"1":{"loc":{"start":{"line":14,"column":2},"end":{"line":18,"column":3}},"type":"if","locations":[{"start":{"line":14,"column":2},"end":{"line":18,"column":3}},{"start":{"line":16,"column":9},"end":{"line":18,"column":3}}],"line":14}},"s":{"0":196,"1":196,"2":16,"3":180},"f":{"0":196},"b":{"0":[180],"1":[16,180]},"_coverageSchema":"1a1c01bbd47fc00a2c39e90264f33305004495a9","hash":"76bcc553637d1a36c83444bee709eb236a135e1d"}
,"/Users/anastasiakashkinova/src/mobile-dev-module/SomaFlow/constants/Colors.ts": {"path":"/Users/anastasiakashkinova/src/mobile-dev-module/SomaFlow/constants/Colors.ts","statementMap":{"0":{"start":{"line":8,"column":23},"end":{"line":8,"column":32}},"1":{"start":{"line":9,"column":24},"end":{"line":9,"column":33}},"2":{"start":{"line":11,"column":22},"end":{"line":28,"column":1}}},"fnMap":{},"branchMap":{},"s":{"0":5,"1":5,"2":5},"f":{},"b":{},"_coverageSchema":"1a1c01bbd47fc00a2c39e90264f33305004495a9","hash":"c6069927a8fd86e2fa485241060112d26af65812"}
,"/Users/anastasiakashkinova/src/mobile-dev-module/SomaFlow/constants/Theme.ts": {"path":"/Users/anastasiakashkinova/src/mobile-dev-module/SomaFlow/constants/Theme.ts","statementMap":{"0":{"start":{"line":3,"column":33},"end":{"line":13,"column":1}},"1":{"start":{"line":15,"column":32},"end":{"line":25,"column":1}}},"fnMap":{},"branchMap":{},"s":{"0":5,"1":5},"f":{},"b":{},"_coverageSchema":"1a1c01bbd47fc00a2c39e90264f33305004495a9","hash":"70996b1ab560ffd17c9ce281157385482dc0ccd4"}
,"/Users/anastasiakashkinova/src/mobile-dev-module/SomaFlow/constants/techniques.ts": {"path":"/Users/anastasiakashkinova/src/mobile-dev-module/SomaFlow/constants/techniques.ts","statementMap":{"0":{"start":{"line":1,"column":26},"end":{"line":14,"column":1}}},"fnMap":{},"branchMap":{},"s":{"0":2},"f":{},"b":{},"_coverageSchema":"1a1c01bbd47fc00a2c39e90264f33305004495a9","hash":"1c81b11961b1df336f1e3617608580a13ef907eb"}
,"/Users/anastasiakashkinova/src/mobile-dev-module/SomaFlow/hooks/useColorScheme.ts": {"path":"/Users/anastasiakashkinova/src/mobile-dev-module/SomaFlow/hooks/useColorScheme.ts","statementMap":{},"fnMap":{},"branchMap":{},"s":{},"f":{},"b":{},"_coverageSchema":"1a1c01bbd47fc00a2c39e90264f33305004495a9","hash":"e5b7b807eb7a80950403227685badd1ab56ae8b2"}
,"/Users/anastasiakashkinova/src/mobile-dev-module/SomaFlow/hooks/useThemeColor.ts": {"path":"/Users/anastasiakashkinova/src/mobile-dev-module/SomaFlow/hooks/useThemeColor.ts","statementMap":{"0":{"start":{"line":13,"column":16},"end":{"line":13,"column":43}},"1":{"start":{"line":14,"column":25},"end":{"line":14,"column":37}},"2":{"start":{"line":16,"column":2},"end":{"line":20,"column":3}},"3":{"start":{"line":17,"column":4},"end":{"line":17,"column":26}},"4":{"start":{"line":19,"column":4},"end":{"line":19,"column":36}}},"fnMap":{"0":{"name":"useThemeColor","decl":{"start":{"line":9,"column":16},"end":{"line":9,"column":29}},"loc":{"start":{"line":12,"column":2},"end":{"line":21,"column":1}},"line":12}},"branchMap":{"0":{"loc":{"start":{"line":13,"column":16},"end":{"line":13,"column":43}},"type":"binary-expr","locations":[{"start":{"line":13,"column":16},"end":{"line":13,"column":32}},{"start":{"line":13,"column":36},"end":{"line":13,"column":43}}],"line":13},"1":{"loc":{"start":{"line":16,"column":2},"end":{"line":20,"column":3}},"type":"if","locations":[{"start":{"line":16,"column":2},"end":{"line":20,"column":3}},{"start":{"line":18,"column":9},"end":{"line":20,"column":3}}],"line":16}},"s":{"0":447,"1":447,"2":447,"3":251,"4":196},"f":{"0":447},"b":{"0":[447,0],"1":[251,196]},"_coverageSchema":"1a1c01bbd47fc00a2c39e90264f33305004495a9","hash":"0925cfd8bd744fa358d6b57ced24733b01171706"}
}
