TN:
SF:utils.ts
FN:1,(anonymous_0)
FN:15,(anonymous_1)
FNF:2
FNH:2
FNDA:2,(anonymous_0)
FNDA:2,(anonymous_1)
DA:1,1
DA:2,2
DA:3,2
DA:6,2
DA:7,2
DA:8,2
DA:11,2
DA:12,2
DA:13,2
DA:15,2
DA:16,2
DA:17,2
LF:12
LH:12
BRDA:17,0,0,2
BRDA:17,0,1,0
BRF:2
BRH:1
end_of_record
TN:
SF:app/breathing.tsx
FN:24,BreathingScreen
FN:42,(anonymous_1)
FN:59,(anonymous_2)
FN:70,(anonymous_3)
FN:71,(anonymous_4)
FN:88,(anonymous_5)
FN:103,(anonymous_6)
FN:112,(anonymous_7)
FN:118,(anonymous_8)
FN:145,(anonymous_9)
FN:161,(anonymous_10)
FN:169,(anonymous_11)
FN:171,(anonymous_12)
FNF:13
FNH:11
FNDA:7,BreathingScreen
FNDA:2,(anonymous_1)
FNDA:3,(anonymous_2)
FNDA:2,(anonymous_3)
FNDA:2,(anonymous_4)
FNDA:5,(anonymous_5)
FNDA:8,(anonymous_6)
FNDA:0,(anonymous_7)
FNDA:2,(anonymous_8)
FNDA:2,(anonymous_9)
FNDA:2,(anonymous_10)
FNDA:2,(anonymous_11)
FNDA:0,(anonymous_12)
DA:14,1
DA:18,1
DA:25,7
DA:26,7
DA:27,7
DA:28,7
DA:29,7
DA:32,7
DA:33,7
DA:34,7
DA:35,7
DA:36,7
DA:37,7
DA:38,7
DA:39,7
DA:42,7
DA:43,2
DA:45,2
DA:47,2
DA:49,2
DA:50,0
DA:51,0
DA:54,2
DA:55,2
DA:56,2
DA:59,7
DA:60,3
DA:62,3
DA:63,0
DA:64,0
DA:65,0
DA:70,7
DA:71,2
DA:72,2
DA:73,2
DA:74,2
DA:75,2
DA:77,2
DA:78,2
DA:79,2
DA:80,2
DA:82,2
DA:85,7
DA:88,7
DA:89,5
DA:90,3
DA:91,3
DA:94,2
DA:95,2
DA:96,2
DA:98,2
DA:103,8
DA:105,2
DA:108,2
DA:113,0
DA:114,0
DA:118,2
DA:121,2
DA:122,2
DA:124,2
DA:126,2
DA:127,2
DA:129,2
DA:130,2
DA:131,2
DA:132,0
DA:133,0
DA:137,2
DA:138,2
DA:139,2
DA:140,0
DA:141,0
DA:145,2
DA:147,0
DA:148,0
DA:149,0
DA:151,0
DA:152,0
DA:153,0
DA:159,2
DA:161,2
DA:162,2
DA:163,2
DA:164,2
DA:165,2
DA:169,7
DA:170,2
DA:171,0
DA:172,0
DA:174,0
DA:175,0
DA:178,0
DA:183,0
DA:186,0
DA:187,0
DA:188,0
DA:190,0
DA:193,0
DA:198,7
DA:257,1
LF:100
LH:72
BRDA:43,0,0,0
BRDA:43,0,1,2
BRDA:45,1,0,2
BRDA:45,1,1,0
BRDA:47,2,0,0
BRDA:47,2,1,2
BRDA:49,3,0,0
BRDA:49,3,1,2
BRDA:62,4,0,0
BRDA:62,4,1,3
BRDA:62,5,0,3
BRDA:62,5,1,2
BRDA:77,6,0,0
BRDA:77,6,1,2
BRDA:78,7,0,0
BRDA:78,7,1,2
BRDA:79,8,0,0
BRDA:79,8,1,2
BRDA:80,9,0,0
BRDA:80,9,1,2
BRDA:85,10,0,7
BRDA:85,10,1,0
BRDA:89,11,0,3
BRDA:89,11,1,2
BRDA:100,12,0,2
BRDA:100,12,1,2
BRDA:102,13,0,2
BRDA:102,13,1,2
BRDA:113,14,0,0
BRDA:113,14,1,0
BRDA:121,15,0,2
BRDA:121,15,1,2
BRDA:122,16,0,0
BRDA:122,16,1,2
BRDA:129,17,0,2
BRDA:129,17,1,0
BRDA:130,18,0,2
BRDA:130,18,1,0
BRDA:132,19,0,0
BRDA:132,19,1,0
BRDA:137,20,0,2
BRDA:137,20,1,0
BRDA:137,21,0,2
BRDA:137,21,1,2
BRDA:137,21,2,2
BRDA:138,22,0,2
BRDA:138,22,1,0
BRDA:140,23,0,0
BRDA:140,23,1,0
BRDA:151,24,0,0
BRDA:151,24,1,0
BRDA:170,25,0,0
BRDA:170,25,1,2
BRDA:175,26,0,0
BRDA:175,26,1,0
BRDA:187,27,0,0
BRDA:187,27,1,0
BRDA:201,28,0,4
BRDA:201,28,1,3
BRDA:213,29,0,7
BRDA:213,29,1,4
BRDA:223,30,0,7
BRDA:223,30,1,7
BRDA:223,30,2,3
BRDA:245,31,0,7
BRDA:245,31,1,3
BRDA:245,31,2,0
BRDA:246,32,0,7
BRDA:246,32,1,3
BRDA:246,32,2,3
BRDA:247,33,0,7
BRDA:247,33,1,4
BRDA:250,34,0,4
BRDA:250,34,1,3
BRF:74
BRH:45
end_of_record
TN:
SF:app/summary.tsx
FN:12,SummaryScreen
FN:19,(anonymous_1)
FN:20,(anonymous_2)
FN:70,(anonymous_3)
FNF:4
FNH:3
FNDA:4,SummaryScreen
FNDA:2,(anonymous_1)
FNDA:2,(anonymous_2)
FNDA:0,(anonymous_3)
DA:13,4
DA:14,4
DA:15,4
DA:16,4
DA:17,4
DA:19,4
DA:20,2
DA:21,2
DA:22,2
DA:24,2
DA:25,2
DA:28,2
DA:29,2
DA:31,2
DA:32,2
DA:35,2
DA:38,4
DA:70,0
DA:79,1
LF:19
LH:18
BRDA:22,0,0,2
BRDA:22,0,1,0
BRDA:24,1,0,2
BRDA:24,1,1,0
BRDA:29,2,0,2
BRDA:29,2,1,0
BRDA:45,3,0,4
BRDA:45,3,1,4
BRF:8
BRH:5
end_of_record
TN:
SF:app/(tabs)/progress.tsx
FN:10,ProgressScreen
FN:24,(anonymous_1)
FN:25,(anonymous_2)
FN:39,(anonymous_3)
FN:46,(anonymous_4)
FN:88,(anonymous_5)
FN:109,(anonymous_6)
FNF:7
FNH:6
FNDA:6,ProgressScreen
FNDA:3,(anonymous_1)
FNDA:3,(anonymous_2)
FNDA:3,(anonymous_3)
FNDA:0,(anonymous_4)
FNDA:42,(anonymous_5)
FNDA:3,(anonymous_6)
DA:8,1
DA:11,6
DA:19,6
DA:20,6
DA:21,6
DA:22,6
DA:24,6
DA:25,3
DA:26,3
DA:27,3
DA:29,3
DA:32,3
DA:33,3
DA:34,3
DA:36,3
DA:37,3
DA:39,3
DA:40,3
DA:41,3
DA:45,3
DA:46,3
DA:47,0
DA:48,0
DA:49,0
DA:52,3
DA:55,3
DA:58,3
DA:59,3
DA:62,3
DA:65,6
DA:89,42
DA:110,3
DA:128,1
LF:33
LH:30
BRDA:27,0,0,3
BRDA:27,0,1,0
BRDA:41,1,0,3
BRDA:41,1,1,0
BRDA:59,2,0,3
BRDA:59,2,1,0
BRDA:93,3,0,0
BRDA:93,3,1,42
BRDA:96,4,0,0
BRDA:96,4,1,42
BRDA:108,5,0,3
BRDA:108,5,1,3
BRF:12
BRH:7
end_of_record
TN:
SF:app/(tabs)/settings.tsx
FN:8,SettingsScreen
FN:18,(anonymous_1)
FN:19,(anonymous_2)
FN:34,(anonymous_3)
FN:46,(anonymous_4)
FN:49,(anonymous_5)
FN:68,(anonymous_6)
FN:71,(anonymous_7)
FN:89,(anonymous_8)
FN:105,(anonymous_9)
FNF:10
FNH:10
FNDA:6,SettingsScreen
FNDA:4,(anonymous_1)
FNDA:4,(anonymous_2)
FNDA:4,(anonymous_3)
FNDA:18,(anonymous_4)
FNDA:1,(anonymous_5)
FNDA:30,(anonymous_6)
FNDA:1,(anonymous_7)
FNDA:1,(anonymous_8)
FNDA:1,(anonymous_9)
DA:9,6
DA:12,6
DA:13,6
DA:14,6
DA:15,6
DA:18,6
DA:19,4
DA:20,4
DA:21,4
DA:22,4
DA:23,4
DA:25,4
DA:26,4
DA:27,4
DA:28,4
DA:30,4
DA:34,6
DA:35,4
DA:38,6
DA:47,18
DA:50,1
DA:51,1
DA:69,30
DA:72,1
DA:73,1
DA:90,1
DA:91,1
DA:106,1
DA:107,1
DA:122,1
LF:30
LH:30
BRDA:25,0,0,0
BRDA:25,0,1,4
BRDA:26,1,0,0
BRDA:26,1,1,4
BRDA:27,2,0,0
BRDA:27,2,1,4
BRDA:28,3,0,0
BRDA:28,3,1,4
BRDA:35,4,0,2
BRDA:35,4,1,2
BRDA:53,5,0,6
BRDA:53,5,1,12
BRDA:55,6,0,6
BRDA:55,6,1,12
BRDA:75,7,0,6
BRDA:75,7,1,24
BRDA:77,8,0,6
BRDA:77,8,1,24
BRDA:93,9,0,5
BRDA:93,9,1,1
BRDA:96,10,0,5
BRDA:96,10,1,1
BRDA:97,11,0,5
BRDA:97,11,1,1
BRDA:109,12,0,5
BRDA:109,12,1,1
BRDA:112,13,0,5
BRDA:112,13,1,1
BRDA:113,14,0,5
BRDA:113,14,1,1
BRF:30
BRH:26
end_of_record
TN:
SF:assets/images/party-popper.png
FNF:0
FNH:0
DA:1,1
LF:1
LH:1
BRF:0
BRH:0
end_of_record
TN:
SF:assets/sounds/breathe-in-4.mp3
FNF:0
FNH:0
DA:1,1
LF:1
LH:1
BRF:0
BRH:0
end_of_record
TN:
SF:assets/sounds/breathe-out-4.mp3
FNF:0
FNH:0
DA:1,1
LF:1
LH:1
BRF:0
BRH:0
end_of_record
TN:
SF:assets/sounds/breathe-out-6.mp3
FNF:0
FNH:0
DA:1,1
LF:1
LH:1
BRF:0
BRH:0
end_of_record
TN:
SF:assets/sounds/breathe-out-8.mp3
FNF:0
FNH:0
DA:1,1
LF:1
LH:1
BRF:0
BRH:0
end_of_record
TN:
SF:components/ThemedText.tsx
FN:11,ThemedText
FNF:1
FNH:1
FNDA:251,ThemedText
DA:18,251
DA:20,251
DA:36,5
LF:3
LH:3
BRDA:13,0,0,219
BRDA:14,1,0,251
BRDA:15,2,0,67
BRDA:24,3,0,77
BRDA:24,3,1,174
BRDA:25,4,0,30
BRDA:25,4,1,221
BRDA:26,5,0,93
BRDA:26,5,1,158
BRDA:27,6,0,51
BRDA:27,6,1,200
BRDA:28,7,0,0
BRDA:28,7,1,251
BRF:13
BRH:12
end_of_record
TN:
SF:components/ThemedView.tsx
FN:11,ThemedView
FNF:1
FNH:1
FNDA:196,ThemedView
DA:12,196
DA:14,196
DA:15,16
DA:17,180
LF:4
LH:4
BRDA:11,0,0,180
BRDA:14,1,0,16
BRDA:14,1,1,180
BRF:3
BRH:3
end_of_record
TN:
SF:constants/Colors.ts
FNF:0
FNH:0
DA:8,5
DA:9,5
DA:11,5
LF:3
LH:3
BRF:0
BRH:0
end_of_record
TN:
SF:constants/Theme.ts
FNF:0
FNH:0
DA:3,5
DA:15,5
LF:2
LH:2
BRF:0
BRH:0
end_of_record
TN:
SF:constants/techniques.ts
FNF:0
FNH:0
DA:1,2
LF:1
LH:1
BRF:0
BRH:0
end_of_record
TN:
SF:hooks/useColorScheme.ts
FNF:0
FNH:0
LF:0
LH:0
BRF:0
BRH:0
end_of_record
TN:
SF:hooks/useThemeColor.ts
FN:9,useThemeColor
FNF:1
FNH:1
FNDA:447,useThemeColor
DA:13,447
DA:14,447
DA:16,447
DA:17,251
DA:19,196
LF:5
LH:5
BRDA:13,0,0,447
BRDA:13,0,1,0
BRDA:16,1,0,251
BRDA:16,1,1,196
BRF:4
BRH:3
end_of_record
